ARM GAS  /tmp/ccrT2vVK.s 			page 1


   1              		.cpu cortex-m4
   2              		.arch armv7e-m
   3              		.fpu fpv4-sp-d16
   4              		.eabi_attribute 27, 1
   5              		.eabi_attribute 28, 1
   6              		.eabi_attribute 20, 1
   7              		.eabi_attribute 21, 1
   8              		.eabi_attribute 23, 3
   9              		.eabi_attribute 24, 1
  10              		.eabi_attribute 25, 1
  11              		.eabi_attribute 26, 1
  12              		.eabi_attribute 30, 1
  13              		.eabi_attribute 34, 1
  14              		.eabi_attribute 18, 4
  15              		.file	"gpio.c"
  16              		.text
  17              	.Ltext0:
  18              		.cfi_sections	.debug_frame
  19              		.section	.text.MX_GPIO_Init,"ax",%progbits
  20              		.align	1
  21              		.global	MX_GPIO_Init
  22              		.syntax unified
  23              		.thumb
  24              		.thumb_func
  26              	MX_GPIO_Init:
  27              	.LFB130:
  28              		.file 1 "Core/Src/gpio.c"
   1:Core/Src/gpio.c **** /* USER CODE BEGIN Header */
   2:Core/Src/gpio.c **** /**
   3:Core/Src/gpio.c ****   ******************************************************************************
   4:Core/Src/gpio.c ****   * @file    gpio.c
   5:Core/Src/gpio.c ****   * @brief   This file provides code for the configuration
   6:Core/Src/gpio.c ****   *          of all used GPIO pins.
   7:Core/Src/gpio.c ****   ******************************************************************************
   8:Core/Src/gpio.c ****   * @attention
   9:Core/Src/gpio.c ****   *
  10:Core/Src/gpio.c ****   * Copyright (c) 2023 STMicroelectronics.
  11:Core/Src/gpio.c ****   * All rights reserved.
  12:Core/Src/gpio.c ****   *
  13:Core/Src/gpio.c ****   * This software is licensed under terms that can be found in the LICENSE file
  14:Core/Src/gpio.c ****   * in the root directory of this software component.
  15:Core/Src/gpio.c ****   * If no LICENSE file comes with this software, it is provided AS-IS.
  16:Core/Src/gpio.c ****   *
  17:Core/Src/gpio.c ****   ******************************************************************************
  18:Core/Src/gpio.c ****   */
  19:Core/Src/gpio.c **** /* USER CODE END Header */
  20:Core/Src/gpio.c **** 
  21:Core/Src/gpio.c **** /* Includes ------------------------------------------------------------------*/
  22:Core/Src/gpio.c **** #include "gpio.h"
  23:Core/Src/gpio.c **** 
  24:Core/Src/gpio.c **** /* USER CODE BEGIN 0 */
  25:Core/Src/gpio.c **** 
  26:Core/Src/gpio.c **** /* USER CODE END 0 */
  27:Core/Src/gpio.c **** 
  28:Core/Src/gpio.c **** /*----------------------------------------------------------------------------*/
  29:Core/Src/gpio.c **** /* Configure GPIO                                                             */
  30:Core/Src/gpio.c **** /*----------------------------------------------------------------------------*/
ARM GAS  /tmp/ccrT2vVK.s 			page 2


  31:Core/Src/gpio.c **** /* USER CODE BEGIN 1 */
  32:Core/Src/gpio.c **** 
  33:Core/Src/gpio.c **** /* USER CODE END 1 */
  34:Core/Src/gpio.c **** 
  35:Core/Src/gpio.c **** /** Configure pins as
  36:Core/Src/gpio.c ****         * Analog
  37:Core/Src/gpio.c ****         * Input
  38:Core/Src/gpio.c ****         * Output
  39:Core/Src/gpio.c ****         * EVENT_OUT
  40:Core/Src/gpio.c ****         * EXTI
  41:Core/Src/gpio.c ****      PC3   ------> I2S2_SD
  42:Core/Src/gpio.c ****      PA4   ------> I2S3_WS
  43:Core/Src/gpio.c ****      PA5   ------> SPI1_SCK
  44:Core/Src/gpio.c ****      PA6   ------> SPI1_MISO
  45:Core/Src/gpio.c ****      PA7   ------> SPI1_MOSI
  46:Core/Src/gpio.c ****      PB10   ------> I2S2_CK
  47:Core/Src/gpio.c ****      PC7   ------> I2S3_MCK
  48:Core/Src/gpio.c ****      PA9   ------> USB_OTG_FS_VBUS
  49:Core/Src/gpio.c ****      PA10   ------> USB_OTG_FS_ID
  50:Core/Src/gpio.c ****      PA11   ------> USB_OTG_FS_DM
  51:Core/Src/gpio.c ****      PA12   ------> USB_OTG_FS_DP
  52:Core/Src/gpio.c ****      PC10   ------> I2S3_CK
  53:Core/Src/gpio.c ****      PC12   ------> I2S3_SD
  54:Core/Src/gpio.c ****      PB6   ------> I2C1_SCL
  55:Core/Src/gpio.c ****      PB9   ------> I2C1_SDA
  56:Core/Src/gpio.c **** */
  57:Core/Src/gpio.c **** void MX_GPIO_Init(void)
  58:Core/Src/gpio.c **** {
  29              		.loc 1 58 1 view -0
  30              		.cfi_startproc
  31              		@ args = 0, pretend = 0, frame = 48
  32              		@ frame_needed = 0, uses_anonymous_args = 0
  33 0000 2DE9F04F 		push	{r4, r5, r6, r7, r8, r9, r10, fp, lr}
  34              	.LCFI0:
  35              		.cfi_def_cfa_offset 36
  36              		.cfi_offset 4, -36
  37              		.cfi_offset 5, -32
  38              		.cfi_offset 6, -28
  39              		.cfi_offset 7, -24
  40              		.cfi_offset 8, -20
  41              		.cfi_offset 9, -16
  42              		.cfi_offset 10, -12
  43              		.cfi_offset 11, -8
  44              		.cfi_offset 14, -4
  45 0004 8DB0     		sub	sp, sp, #52
  46              	.LCFI1:
  47              		.cfi_def_cfa_offset 88
  59:Core/Src/gpio.c **** 
  60:Core/Src/gpio.c ****   GPIO_InitTypeDef GPIO_InitStruct = {0};
  48              		.loc 1 60 3 view .LVU1
  49              		.loc 1 60 20 is_stmt 0 view .LVU2
  50 0006 0024     		movs	r4, #0
  51 0008 0794     		str	r4, [sp, #28]
  52 000a 0894     		str	r4, [sp, #32]
  53 000c 0994     		str	r4, [sp, #36]
  54 000e 0A94     		str	r4, [sp, #40]
  55 0010 0B94     		str	r4, [sp, #44]
ARM GAS  /tmp/ccrT2vVK.s 			page 3


  61:Core/Src/gpio.c **** 
  62:Core/Src/gpio.c ****   /* GPIO Ports Clock Enable */
  63:Core/Src/gpio.c ****   __HAL_RCC_GPIOE_CLK_ENABLE();
  56              		.loc 1 63 3 is_stmt 1 view .LVU3
  57              	.LBB2:
  58              		.loc 1 63 3 view .LVU4
  59 0012 0194     		str	r4, [sp, #4]
  60              		.loc 1 63 3 view .LVU5
  61 0014 784B     		ldr	r3, .L3
  62 0016 1A6B     		ldr	r2, [r3, #48]
  63 0018 42F01002 		orr	r2, r2, #16
  64 001c 1A63     		str	r2, [r3, #48]
  65              		.loc 1 63 3 view .LVU6
  66 001e 1A6B     		ldr	r2, [r3, #48]
  67 0020 02F01002 		and	r2, r2, #16
  68 0024 0192     		str	r2, [sp, #4]
  69              		.loc 1 63 3 view .LVU7
  70 0026 019A     		ldr	r2, [sp, #4]
  71              	.LBE2:
  72              		.loc 1 63 3 view .LVU8
  64:Core/Src/gpio.c ****   __HAL_RCC_GPIOC_CLK_ENABLE();
  73              		.loc 1 64 3 view .LVU9
  74              	.LBB3:
  75              		.loc 1 64 3 view .LVU10
  76 0028 0294     		str	r4, [sp, #8]
  77              		.loc 1 64 3 view .LVU11
  78 002a 1A6B     		ldr	r2, [r3, #48]
  79 002c 42F00402 		orr	r2, r2, #4
  80 0030 1A63     		str	r2, [r3, #48]
  81              		.loc 1 64 3 view .LVU12
  82 0032 1A6B     		ldr	r2, [r3, #48]
  83 0034 02F00402 		and	r2, r2, #4
  84 0038 0292     		str	r2, [sp, #8]
  85              		.loc 1 64 3 view .LVU13
  86 003a 029A     		ldr	r2, [sp, #8]
  87              	.LBE3:
  88              		.loc 1 64 3 view .LVU14
  65:Core/Src/gpio.c ****   __HAL_RCC_GPIOH_CLK_ENABLE();
  89              		.loc 1 65 3 view .LVU15
  90              	.LBB4:
  91              		.loc 1 65 3 view .LVU16
  92 003c 0394     		str	r4, [sp, #12]
  93              		.loc 1 65 3 view .LVU17
  94 003e 1A6B     		ldr	r2, [r3, #48]
  95 0040 42F08002 		orr	r2, r2, #128
  96 0044 1A63     		str	r2, [r3, #48]
  97              		.loc 1 65 3 view .LVU18
  98 0046 1A6B     		ldr	r2, [r3, #48]
  99 0048 02F08002 		and	r2, r2, #128
 100 004c 0392     		str	r2, [sp, #12]
 101              		.loc 1 65 3 view .LVU19
 102 004e 039A     		ldr	r2, [sp, #12]
 103              	.LBE4:
 104              		.loc 1 65 3 view .LVU20
  66:Core/Src/gpio.c ****   __HAL_RCC_GPIOA_CLK_ENABLE();
 105              		.loc 1 66 3 view .LVU21
 106              	.LBB5:
ARM GAS  /tmp/ccrT2vVK.s 			page 4


 107              		.loc 1 66 3 view .LVU22
 108 0050 0494     		str	r4, [sp, #16]
 109              		.loc 1 66 3 view .LVU23
 110 0052 1A6B     		ldr	r2, [r3, #48]
 111 0054 42F00102 		orr	r2, r2, #1
 112 0058 1A63     		str	r2, [r3, #48]
 113              		.loc 1 66 3 view .LVU24
 114 005a 1A6B     		ldr	r2, [r3, #48]
 115 005c 02F00102 		and	r2, r2, #1
 116 0060 0492     		str	r2, [sp, #16]
 117              		.loc 1 66 3 view .LVU25
 118 0062 049A     		ldr	r2, [sp, #16]
 119              	.LBE5:
 120              		.loc 1 66 3 view .LVU26
  67:Core/Src/gpio.c ****   __HAL_RCC_GPIOB_CLK_ENABLE();
 121              		.loc 1 67 3 view .LVU27
 122              	.LBB6:
 123              		.loc 1 67 3 view .LVU28
 124 0064 0594     		str	r4, [sp, #20]
 125              		.loc 1 67 3 view .LVU29
 126 0066 1A6B     		ldr	r2, [r3, #48]
 127 0068 42F00202 		orr	r2, r2, #2
 128 006c 1A63     		str	r2, [r3, #48]
 129              		.loc 1 67 3 view .LVU30
 130 006e 1A6B     		ldr	r2, [r3, #48]
 131 0070 02F00202 		and	r2, r2, #2
 132 0074 0592     		str	r2, [sp, #20]
 133              		.loc 1 67 3 view .LVU31
 134 0076 059A     		ldr	r2, [sp, #20]
 135              	.LBE6:
 136              		.loc 1 67 3 view .LVU32
  68:Core/Src/gpio.c ****   __HAL_RCC_GPIOD_CLK_ENABLE();
 137              		.loc 1 68 3 view .LVU33
 138              	.LBB7:
 139              		.loc 1 68 3 view .LVU34
 140 0078 0694     		str	r4, [sp, #24]
 141              		.loc 1 68 3 view .LVU35
 142 007a 1A6B     		ldr	r2, [r3, #48]
 143 007c 42F00802 		orr	r2, r2, #8
 144 0080 1A63     		str	r2, [r3, #48]
 145              		.loc 1 68 3 view .LVU36
 146 0082 1B6B     		ldr	r3, [r3, #48]
 147 0084 03F00803 		and	r3, r3, #8
 148 0088 0693     		str	r3, [sp, #24]
 149              		.loc 1 68 3 view .LVU37
 150 008a 069B     		ldr	r3, [sp, #24]
 151              	.LBE7:
 152              		.loc 1 68 3 view .LVU38
  69:Core/Src/gpio.c **** 
  70:Core/Src/gpio.c ****   /*Configure GPIO pin Output Level */
  71:Core/Src/gpio.c ****   HAL_GPIO_WritePin(CS_I2C_SPI_GPIO_Port, CS_I2C_SPI_Pin, GPIO_PIN_RESET);
 153              		.loc 1 71 3 view .LVU39
 154 008c 2246     		mov	r2, r4
 155 008e 0821     		movs	r1, #8
 156 0090 5A48     		ldr	r0, .L3+4
 157 0092 FFF7FEFF 		bl	HAL_GPIO_WritePin
 158              	.LVL0:
ARM GAS  /tmp/ccrT2vVK.s 			page 5


  72:Core/Src/gpio.c **** 
  73:Core/Src/gpio.c ****   /*Configure GPIO pin Output Level */
  74:Core/Src/gpio.c ****   HAL_GPIO_WritePin(OTG_FS_PowerSwitchOn_GPIO_Port, OTG_FS_PowerSwitchOn_Pin, GPIO_PIN_SET);
 159              		.loc 1 74 3 view .LVU40
 160 0096 DFF86C81 		ldr	r8, .L3+12
 161 009a 0122     		movs	r2, #1
 162 009c 1146     		mov	r1, r2
 163 009e 4046     		mov	r0, r8
 164 00a0 FFF7FEFF 		bl	HAL_GPIO_WritePin
 165              	.LVL1:
  75:Core/Src/gpio.c **** 
  76:Core/Src/gpio.c ****   /*Configure GPIO pin Output Level */
  77:Core/Src/gpio.c ****   HAL_GPIO_WritePin(GPIOD, LD4_Pin|LD3_Pin|LD5_Pin|LD6_Pin
 166              		.loc 1 77 3 view .LVU41
 167 00a4 DFF860B1 		ldr	fp, .L3+16
 168 00a8 2246     		mov	r2, r4
 169 00aa 4FF21001 		movw	r1, #61456
 170 00ae 5846     		mov	r0, fp
 171 00b0 FFF7FEFF 		bl	HAL_GPIO_WritePin
 172              	.LVL2:
  78:Core/Src/gpio.c ****                           |Audio_RST_Pin, GPIO_PIN_RESET);
  79:Core/Src/gpio.c **** 
  80:Core/Src/gpio.c ****   /*Configure GPIO pin : PtPin */
  81:Core/Src/gpio.c ****   GPIO_InitStruct.Pin = CS_I2C_SPI_Pin;
 173              		.loc 1 81 3 view .LVU42
 174              		.loc 1 81 23 is_stmt 0 view .LVU43
 175 00b4 0825     		movs	r5, #8
 176 00b6 0795     		str	r5, [sp, #28]
  82:Core/Src/gpio.c ****   GPIO_InitStruct.Mode = GPIO_MODE_OUTPUT_PP;
 177              		.loc 1 82 3 is_stmt 1 view .LVU44
 178              		.loc 1 82 24 is_stmt 0 view .LVU45
 179 00b8 0127     		movs	r7, #1
 180 00ba 0897     		str	r7, [sp, #32]
  83:Core/Src/gpio.c ****   GPIO_InitStruct.Pull = GPIO_NOPULL;
 181              		.loc 1 83 3 is_stmt 1 view .LVU46
 182              		.loc 1 83 24 is_stmt 0 view .LVU47
 183 00bc 0994     		str	r4, [sp, #36]
  84:Core/Src/gpio.c ****   GPIO_InitStruct.Speed = GPIO_SPEED_FREQ_LOW;
 184              		.loc 1 84 3 is_stmt 1 view .LVU48
 185              		.loc 1 84 25 is_stmt 0 view .LVU49
 186 00be 0A94     		str	r4, [sp, #40]
  85:Core/Src/gpio.c ****   HAL_GPIO_Init(CS_I2C_SPI_GPIO_Port, &GPIO_InitStruct);
 187              		.loc 1 85 3 is_stmt 1 view .LVU50
 188 00c0 07A9     		add	r1, sp, #28
 189 00c2 4E48     		ldr	r0, .L3+4
 190 00c4 FFF7FEFF 		bl	HAL_GPIO_Init
 191              	.LVL3:
  86:Core/Src/gpio.c **** 
  87:Core/Src/gpio.c ****   /*Configure GPIO pin : PtPin */
  88:Core/Src/gpio.c ****   GPIO_InitStruct.Pin = OTG_FS_PowerSwitchOn_Pin;
 192              		.loc 1 88 3 view .LVU51
 193              		.loc 1 88 23 is_stmt 0 view .LVU52
 194 00c8 0797     		str	r7, [sp, #28]
  89:Core/Src/gpio.c ****   GPIO_InitStruct.Mode = GPIO_MODE_OUTPUT_PP;
 195              		.loc 1 89 3 is_stmt 1 view .LVU53
 196              		.loc 1 89 24 is_stmt 0 view .LVU54
 197 00ca 0897     		str	r7, [sp, #32]
ARM GAS  /tmp/ccrT2vVK.s 			page 6


  90:Core/Src/gpio.c ****   GPIO_InitStruct.Pull = GPIO_NOPULL;
 198              		.loc 1 90 3 is_stmt 1 view .LVU55
 199              		.loc 1 90 24 is_stmt 0 view .LVU56
 200 00cc 0994     		str	r4, [sp, #36]
  91:Core/Src/gpio.c ****   GPIO_InitStruct.Speed = GPIO_SPEED_FREQ_LOW;
 201              		.loc 1 91 3 is_stmt 1 view .LVU57
 202              		.loc 1 91 25 is_stmt 0 view .LVU58
 203 00ce 0A94     		str	r4, [sp, #40]
  92:Core/Src/gpio.c ****   HAL_GPIO_Init(OTG_FS_PowerSwitchOn_GPIO_Port, &GPIO_InitStruct);
 204              		.loc 1 92 3 is_stmt 1 view .LVU59
 205 00d0 07A9     		add	r1, sp, #28
 206 00d2 4046     		mov	r0, r8
 207 00d4 FFF7FEFF 		bl	HAL_GPIO_Init
 208              	.LVL4:
  93:Core/Src/gpio.c **** 
  94:Core/Src/gpio.c ****   /*Configure GPIO pin : PtPin */
  95:Core/Src/gpio.c ****   GPIO_InitStruct.Pin = PDM_OUT_Pin;
 209              		.loc 1 95 3 view .LVU60
 210              		.loc 1 95 23 is_stmt 0 view .LVU61
 211 00d8 0795     		str	r5, [sp, #28]
  96:Core/Src/gpio.c ****   GPIO_InitStruct.Mode = GPIO_MODE_AF_PP;
 212              		.loc 1 96 3 is_stmt 1 view .LVU62
 213              		.loc 1 96 24 is_stmt 0 view .LVU63
 214 00da 0225     		movs	r5, #2
 215 00dc 0895     		str	r5, [sp, #32]
  97:Core/Src/gpio.c ****   GPIO_InitStruct.Pull = GPIO_NOPULL;
 216              		.loc 1 97 3 is_stmt 1 view .LVU64
 217              		.loc 1 97 24 is_stmt 0 view .LVU65
 218 00de 0994     		str	r4, [sp, #36]
  98:Core/Src/gpio.c ****   GPIO_InitStruct.Speed = GPIO_SPEED_FREQ_LOW;
 219              		.loc 1 98 3 is_stmt 1 view .LVU66
 220              		.loc 1 98 25 is_stmt 0 view .LVU67
 221 00e0 0A94     		str	r4, [sp, #40]
  99:Core/Src/gpio.c ****   GPIO_InitStruct.Alternate = GPIO_AF5_SPI2;
 222              		.loc 1 99 3 is_stmt 1 view .LVU68
 223              		.loc 1 99 29 is_stmt 0 view .LVU69
 224 00e2 4FF00509 		mov	r9, #5
 225 00e6 CDF82C90 		str	r9, [sp, #44]
 100:Core/Src/gpio.c ****   HAL_GPIO_Init(PDM_OUT_GPIO_Port, &GPIO_InitStruct);
 226              		.loc 1 100 3 is_stmt 1 view .LVU70
 227 00ea 07A9     		add	r1, sp, #28
 228 00ec 4046     		mov	r0, r8
 229 00ee FFF7FEFF 		bl	HAL_GPIO_Init
 230              	.LVL5:
 101:Core/Src/gpio.c **** 
 102:Core/Src/gpio.c ****   /*Configure GPIO pin : PtPin */
 103:Core/Src/gpio.c ****   GPIO_InitStruct.Pin = B1_Pin;
 231              		.loc 1 103 3 view .LVU71
 232              		.loc 1 103 23 is_stmt 0 view .LVU72
 233 00f2 0797     		str	r7, [sp, #28]
 104:Core/Src/gpio.c ****   GPIO_InitStruct.Mode = GPIO_MODE_IT_RISING;
 234              		.loc 1 104 3 is_stmt 1 view .LVU73
 235              		.loc 1 104 24 is_stmt 0 view .LVU74
 236 00f4 4FF48813 		mov	r3, #1114112
 237 00f8 0893     		str	r3, [sp, #32]
 105:Core/Src/gpio.c ****   GPIO_InitStruct.Pull = GPIO_NOPULL;
 238              		.loc 1 105 3 is_stmt 1 view .LVU75
ARM GAS  /tmp/ccrT2vVK.s 			page 7


 239              		.loc 1 105 24 is_stmt 0 view .LVU76
 240 00fa 0994     		str	r4, [sp, #36]
 106:Core/Src/gpio.c ****   HAL_GPIO_Init(B1_GPIO_Port, &GPIO_InitStruct);
 241              		.loc 1 106 3 is_stmt 1 view .LVU77
 242 00fc 404E     		ldr	r6, .L3+8
 243 00fe 07A9     		add	r1, sp, #28
 244 0100 3046     		mov	r0, r6
 245 0102 FFF7FEFF 		bl	HAL_GPIO_Init
 246              	.LVL6:
 107:Core/Src/gpio.c **** 
 108:Core/Src/gpio.c ****   /*Configure GPIO pin : PtPin */
 109:Core/Src/gpio.c ****   GPIO_InitStruct.Pin = I2S3_WS_Pin;
 247              		.loc 1 109 3 view .LVU78
 248              		.loc 1 109 23 is_stmt 0 view .LVU79
 249 0106 1023     		movs	r3, #16
 250 0108 0793     		str	r3, [sp, #28]
 110:Core/Src/gpio.c ****   GPIO_InitStruct.Mode = GPIO_MODE_AF_PP;
 251              		.loc 1 110 3 is_stmt 1 view .LVU80
 252              		.loc 1 110 24 is_stmt 0 view .LVU81
 253 010a 0895     		str	r5, [sp, #32]
 111:Core/Src/gpio.c ****   GPIO_InitStruct.Pull = GPIO_NOPULL;
 254              		.loc 1 111 3 is_stmt 1 view .LVU82
 255              		.loc 1 111 24 is_stmt 0 view .LVU83
 256 010c 0994     		str	r4, [sp, #36]
 112:Core/Src/gpio.c ****   GPIO_InitStruct.Speed = GPIO_SPEED_FREQ_LOW;
 257              		.loc 1 112 3 is_stmt 1 view .LVU84
 258              		.loc 1 112 25 is_stmt 0 view .LVU85
 259 010e 0A94     		str	r4, [sp, #40]
 113:Core/Src/gpio.c ****   GPIO_InitStruct.Alternate = GPIO_AF6_SPI3;
 260              		.loc 1 113 3 is_stmt 1 view .LVU86
 261              		.loc 1 113 29 is_stmt 0 view .LVU87
 262 0110 0623     		movs	r3, #6
 263 0112 0B93     		str	r3, [sp, #44]
 114:Core/Src/gpio.c ****   HAL_GPIO_Init(I2S3_WS_GPIO_Port, &GPIO_InitStruct);
 264              		.loc 1 114 3 is_stmt 1 view .LVU88
 265 0114 07A9     		add	r1, sp, #28
 266 0116 3046     		mov	r0, r6
 267 0118 FFF7FEFF 		bl	HAL_GPIO_Init
 268              	.LVL7:
 115:Core/Src/gpio.c **** 
 116:Core/Src/gpio.c ****   /*Configure GPIO pins : PAPin PAPin PAPin */
 117:Core/Src/gpio.c ****   GPIO_InitStruct.Pin = SPI1_SCK_Pin|SPI1_MISO_Pin|SPI1_MOSI_Pin;
 269              		.loc 1 117 3 view .LVU89
 270              		.loc 1 117 23 is_stmt 0 view .LVU90
 271 011c E023     		movs	r3, #224
 272 011e 0793     		str	r3, [sp, #28]
 118:Core/Src/gpio.c ****   GPIO_InitStruct.Mode = GPIO_MODE_AF_PP;
 273              		.loc 1 118 3 is_stmt 1 view .LVU91
 274              		.loc 1 118 24 is_stmt 0 view .LVU92
 275 0120 0895     		str	r5, [sp, #32]
 119:Core/Src/gpio.c ****   GPIO_InitStruct.Pull = GPIO_NOPULL;
 276              		.loc 1 119 3 is_stmt 1 view .LVU93
 277              		.loc 1 119 24 is_stmt 0 view .LVU94
 278 0122 0994     		str	r4, [sp, #36]
 120:Core/Src/gpio.c ****   GPIO_InitStruct.Speed = GPIO_SPEED_FREQ_LOW;
 279              		.loc 1 120 3 is_stmt 1 view .LVU95
 280              		.loc 1 120 25 is_stmt 0 view .LVU96
ARM GAS  /tmp/ccrT2vVK.s 			page 8


 281 0124 0A94     		str	r4, [sp, #40]
 121:Core/Src/gpio.c ****   GPIO_InitStruct.Alternate = GPIO_AF5_SPI1;
 282              		.loc 1 121 3 is_stmt 1 view .LVU97
 283              		.loc 1 121 29 is_stmt 0 view .LVU98
 284 0126 CDF82C90 		str	r9, [sp, #44]
 122:Core/Src/gpio.c ****   HAL_GPIO_Init(GPIOA, &GPIO_InitStruct);
 285              		.loc 1 122 3 is_stmt 1 view .LVU99
 286 012a 07A9     		add	r1, sp, #28
 287 012c 3046     		mov	r0, r6
 288 012e FFF7FEFF 		bl	HAL_GPIO_Init
 289              	.LVL8:
 123:Core/Src/gpio.c **** 
 124:Core/Src/gpio.c ****   /*Configure GPIO pin : PtPin */
 125:Core/Src/gpio.c ****   GPIO_InitStruct.Pin = BOOT1_Pin;
 290              		.loc 1 125 3 view .LVU100
 291              		.loc 1 125 23 is_stmt 0 view .LVU101
 292 0132 0423     		movs	r3, #4
 293 0134 0793     		str	r3, [sp, #28]
 126:Core/Src/gpio.c ****   GPIO_InitStruct.Mode = GPIO_MODE_INPUT;
 294              		.loc 1 126 3 is_stmt 1 view .LVU102
 295              		.loc 1 126 24 is_stmt 0 view .LVU103
 296 0136 0894     		str	r4, [sp, #32]
 127:Core/Src/gpio.c ****   GPIO_InitStruct.Pull = GPIO_NOPULL;
 297              		.loc 1 127 3 is_stmt 1 view .LVU104
 298              		.loc 1 127 24 is_stmt 0 view .LVU105
 299 0138 0994     		str	r4, [sp, #36]
 128:Core/Src/gpio.c ****   HAL_GPIO_Init(BOOT1_GPIO_Port, &GPIO_InitStruct);
 300              		.loc 1 128 3 is_stmt 1 view .LVU106
 301 013a DFF8D0A0 		ldr	r10, .L3+20
 302 013e 07A9     		add	r1, sp, #28
 303 0140 5046     		mov	r0, r10
 304 0142 FFF7FEFF 		bl	HAL_GPIO_Init
 305              	.LVL9:
 129:Core/Src/gpio.c **** 
 130:Core/Src/gpio.c ****   /*Configure GPIO pin : PtPin */
 131:Core/Src/gpio.c ****   GPIO_InitStruct.Pin = CLK_IN_Pin;
 306              		.loc 1 131 3 view .LVU107
 307              		.loc 1 131 23 is_stmt 0 view .LVU108
 308 0146 4FF48063 		mov	r3, #1024
 309 014a 0793     		str	r3, [sp, #28]
 132:Core/Src/gpio.c ****   GPIO_InitStruct.Mode = GPIO_MODE_AF_PP;
 310              		.loc 1 132 3 is_stmt 1 view .LVU109
 311              		.loc 1 132 24 is_stmt 0 view .LVU110
 312 014c 0895     		str	r5, [sp, #32]
 133:Core/Src/gpio.c ****   GPIO_InitStruct.Pull = GPIO_NOPULL;
 313              		.loc 1 133 3 is_stmt 1 view .LVU111
 314              		.loc 1 133 24 is_stmt 0 view .LVU112
 315 014e 0994     		str	r4, [sp, #36]
 134:Core/Src/gpio.c ****   GPIO_InitStruct.Speed = GPIO_SPEED_FREQ_LOW;
 316              		.loc 1 134 3 is_stmt 1 view .LVU113
 317              		.loc 1 134 25 is_stmt 0 view .LVU114
 318 0150 0A94     		str	r4, [sp, #40]
 135:Core/Src/gpio.c ****   GPIO_InitStruct.Alternate = GPIO_AF5_SPI2;
 319              		.loc 1 135 3 is_stmt 1 view .LVU115
 320              		.loc 1 135 29 is_stmt 0 view .LVU116
 321 0152 CDF82C90 		str	r9, [sp, #44]
 136:Core/Src/gpio.c ****   HAL_GPIO_Init(CLK_IN_GPIO_Port, &GPIO_InitStruct);
ARM GAS  /tmp/ccrT2vVK.s 			page 9


 322              		.loc 1 136 3 is_stmt 1 view .LVU117
 323 0156 07A9     		add	r1, sp, #28
 324 0158 5046     		mov	r0, r10
 325 015a FFF7FEFF 		bl	HAL_GPIO_Init
 326              	.LVL10:
 137:Core/Src/gpio.c **** 
 138:Core/Src/gpio.c ****   /*Configure GPIO pins : PDPin PDPin PDPin PDPin
 139:Core/Src/gpio.c ****                            PDPin */
 140:Core/Src/gpio.c ****   GPIO_InitStruct.Pin = LD4_Pin|LD3_Pin|LD5_Pin|LD6_Pin
 327              		.loc 1 140 3 view .LVU118
 328              		.loc 1 140 23 is_stmt 0 view .LVU119
 329 015e 4FF21003 		movw	r3, #61456
 330 0162 0793     		str	r3, [sp, #28]
 141:Core/Src/gpio.c ****                           |Audio_RST_Pin;
 142:Core/Src/gpio.c ****   GPIO_InitStruct.Mode = GPIO_MODE_OUTPUT_PP;
 331              		.loc 1 142 3 is_stmt 1 view .LVU120
 332              		.loc 1 142 24 is_stmt 0 view .LVU121
 333 0164 0897     		str	r7, [sp, #32]
 143:Core/Src/gpio.c ****   GPIO_InitStruct.Pull = GPIO_NOPULL;
 334              		.loc 1 143 3 is_stmt 1 view .LVU122
 335              		.loc 1 143 24 is_stmt 0 view .LVU123
 336 0166 0994     		str	r4, [sp, #36]
 144:Core/Src/gpio.c ****   GPIO_InitStruct.Speed = GPIO_SPEED_FREQ_LOW;
 337              		.loc 1 144 3 is_stmt 1 view .LVU124
 338              		.loc 1 144 25 is_stmt 0 view .LVU125
 339 0168 0A94     		str	r4, [sp, #40]
 145:Core/Src/gpio.c ****   HAL_GPIO_Init(GPIOD, &GPIO_InitStruct);
 340              		.loc 1 145 3 is_stmt 1 view .LVU126
 341 016a 07A9     		add	r1, sp, #28
 342 016c 5846     		mov	r0, fp
 343 016e FFF7FEFF 		bl	HAL_GPIO_Init
 344              	.LVL11:
 146:Core/Src/gpio.c **** 
 147:Core/Src/gpio.c ****   /*Configure GPIO pins : PCPin PCPin PCPin */
 148:Core/Src/gpio.c ****   GPIO_InitStruct.Pin = I2S3_MCK_Pin|I2S3_SCK_Pin|I2S3_SD_Pin;
 345              		.loc 1 148 3 view .LVU127
 346              		.loc 1 148 23 is_stmt 0 view .LVU128
 347 0172 4FF4A453 		mov	r3, #5248
 348 0176 0793     		str	r3, [sp, #28]
 149:Core/Src/gpio.c ****   GPIO_InitStruct.Mode = GPIO_MODE_AF_PP;
 349              		.loc 1 149 3 is_stmt 1 view .LVU129
 350              		.loc 1 149 24 is_stmt 0 view .LVU130
 351 0178 0895     		str	r5, [sp, #32]
 150:Core/Src/gpio.c ****   GPIO_InitStruct.Pull = GPIO_NOPULL;
 352              		.loc 1 150 3 is_stmt 1 view .LVU131
 353              		.loc 1 150 24 is_stmt 0 view .LVU132
 354 017a 0994     		str	r4, [sp, #36]
 151:Core/Src/gpio.c ****   GPIO_InitStruct.Speed = GPIO_SPEED_FREQ_LOW;
 355              		.loc 1 151 3 is_stmt 1 view .LVU133
 356              		.loc 1 151 25 is_stmt 0 view .LVU134
 357 017c 0A94     		str	r4, [sp, #40]
 152:Core/Src/gpio.c ****   GPIO_InitStruct.Alternate = GPIO_AF6_SPI3;
 358              		.loc 1 152 3 is_stmt 1 view .LVU135
 359              		.loc 1 152 29 is_stmt 0 view .LVU136
 360 017e 0623     		movs	r3, #6
 361 0180 0B93     		str	r3, [sp, #44]
 153:Core/Src/gpio.c ****   HAL_GPIO_Init(GPIOC, &GPIO_InitStruct);
ARM GAS  /tmp/ccrT2vVK.s 			page 10


 362              		.loc 1 153 3 is_stmt 1 view .LVU137
 363 0182 07A9     		add	r1, sp, #28
 364 0184 4046     		mov	r0, r8
 365 0186 FFF7FEFF 		bl	HAL_GPIO_Init
 366              	.LVL12:
 154:Core/Src/gpio.c **** 
 155:Core/Src/gpio.c ****   /*Configure GPIO pin : PtPin */
 156:Core/Src/gpio.c ****   GPIO_InitStruct.Pin = VBUS_FS_Pin;
 367              		.loc 1 156 3 view .LVU138
 368              		.loc 1 156 23 is_stmt 0 view .LVU139
 369 018a 4FF40073 		mov	r3, #512
 370 018e 0793     		str	r3, [sp, #28]
 157:Core/Src/gpio.c ****   GPIO_InitStruct.Mode = GPIO_MODE_INPUT;
 371              		.loc 1 157 3 is_stmt 1 view .LVU140
 372              		.loc 1 157 24 is_stmt 0 view .LVU141
 373 0190 0894     		str	r4, [sp, #32]
 158:Core/Src/gpio.c ****   GPIO_InitStruct.Pull = GPIO_NOPULL;
 374              		.loc 1 158 3 is_stmt 1 view .LVU142
 375              		.loc 1 158 24 is_stmt 0 view .LVU143
 376 0192 0994     		str	r4, [sp, #36]
 159:Core/Src/gpio.c ****   HAL_GPIO_Init(VBUS_FS_GPIO_Port, &GPIO_InitStruct);
 377              		.loc 1 159 3 is_stmt 1 view .LVU144
 378 0194 07A9     		add	r1, sp, #28
 379 0196 3046     		mov	r0, r6
 380 0198 FFF7FEFF 		bl	HAL_GPIO_Init
 381              	.LVL13:
 160:Core/Src/gpio.c **** 
 161:Core/Src/gpio.c ****   /*Configure GPIO pins : PAPin PAPin PAPin */
 162:Core/Src/gpio.c ****   GPIO_InitStruct.Pin = OTG_FS_ID_Pin|OTG_FS_DM_Pin|OTG_FS_DP_Pin;
 382              		.loc 1 162 3 view .LVU145
 383              		.loc 1 162 23 is_stmt 0 view .LVU146
 384 019c 4FF4E053 		mov	r3, #7168
 385 01a0 0793     		str	r3, [sp, #28]
 163:Core/Src/gpio.c ****   GPIO_InitStruct.Mode = GPIO_MODE_AF_PP;
 386              		.loc 1 163 3 is_stmt 1 view .LVU147
 387              		.loc 1 163 24 is_stmt 0 view .LVU148
 388 01a2 0895     		str	r5, [sp, #32]
 164:Core/Src/gpio.c ****   GPIO_InitStruct.Pull = GPIO_NOPULL;
 389              		.loc 1 164 3 is_stmt 1 view .LVU149
 390              		.loc 1 164 24 is_stmt 0 view .LVU150
 391 01a4 0994     		str	r4, [sp, #36]
 165:Core/Src/gpio.c ****   GPIO_InitStruct.Speed = GPIO_SPEED_FREQ_LOW;
 392              		.loc 1 165 3 is_stmt 1 view .LVU151
 393              		.loc 1 165 25 is_stmt 0 view .LVU152
 394 01a6 0A94     		str	r4, [sp, #40]
 166:Core/Src/gpio.c ****   GPIO_InitStruct.Alternate = GPIO_AF10_OTG_FS;
 395              		.loc 1 166 3 is_stmt 1 view .LVU153
 396              		.loc 1 166 29 is_stmt 0 view .LVU154
 397 01a8 0A23     		movs	r3, #10
 398 01aa 0B93     		str	r3, [sp, #44]
 167:Core/Src/gpio.c ****   HAL_GPIO_Init(GPIOA, &GPIO_InitStruct);
 399              		.loc 1 167 3 is_stmt 1 view .LVU155
 400 01ac 07A9     		add	r1, sp, #28
 401 01ae 3046     		mov	r0, r6
 402 01b0 FFF7FEFF 		bl	HAL_GPIO_Init
 403              	.LVL14:
 168:Core/Src/gpio.c **** 
ARM GAS  /tmp/ccrT2vVK.s 			page 11


 169:Core/Src/gpio.c ****   /*Configure GPIO pin : PtPin */
 170:Core/Src/gpio.c ****   GPIO_InitStruct.Pin = OTG_FS_OverCurrent_Pin;
 404              		.loc 1 170 3 view .LVU156
 405              		.loc 1 170 23 is_stmt 0 view .LVU157
 406 01b4 2023     		movs	r3, #32
 407 01b6 0793     		str	r3, [sp, #28]
 171:Core/Src/gpio.c ****   GPIO_InitStruct.Mode = GPIO_MODE_INPUT;
 408              		.loc 1 171 3 is_stmt 1 view .LVU158
 409              		.loc 1 171 24 is_stmt 0 view .LVU159
 410 01b8 0894     		str	r4, [sp, #32]
 172:Core/Src/gpio.c ****   GPIO_InitStruct.Pull = GPIO_NOPULL;
 411              		.loc 1 172 3 is_stmt 1 view .LVU160
 412              		.loc 1 172 24 is_stmt 0 view .LVU161
 413 01ba 0994     		str	r4, [sp, #36]
 173:Core/Src/gpio.c ****   HAL_GPIO_Init(OTG_FS_OverCurrent_GPIO_Port, &GPIO_InitStruct);
 414              		.loc 1 173 3 is_stmt 1 view .LVU162
 415 01bc 07A9     		add	r1, sp, #28
 416 01be 5846     		mov	r0, fp
 417 01c0 FFF7FEFF 		bl	HAL_GPIO_Init
 418              	.LVL15:
 174:Core/Src/gpio.c **** 
 175:Core/Src/gpio.c ****   /*Configure GPIO pins : PBPin PBPin */
 176:Core/Src/gpio.c ****   GPIO_InitStruct.Pin = Audio_SCL_Pin|Audio_SDA_Pin;
 419              		.loc 1 176 3 view .LVU163
 420              		.loc 1 176 23 is_stmt 0 view .LVU164
 421 01c4 4FF41073 		mov	r3, #576
 422 01c8 0793     		str	r3, [sp, #28]
 177:Core/Src/gpio.c ****   GPIO_InitStruct.Mode = GPIO_MODE_AF_OD;
 423              		.loc 1 177 3 is_stmt 1 view .LVU165
 424              		.loc 1 177 24 is_stmt 0 view .LVU166
 425 01ca 1223     		movs	r3, #18
 426 01cc 0893     		str	r3, [sp, #32]
 178:Core/Src/gpio.c ****   GPIO_InitStruct.Pull = GPIO_NOPULL;
 427              		.loc 1 178 3 is_stmt 1 view .LVU167
 428              		.loc 1 178 24 is_stmt 0 view .LVU168
 429 01ce 0994     		str	r4, [sp, #36]
 179:Core/Src/gpio.c ****   GPIO_InitStruct.Speed = GPIO_SPEED_FREQ_LOW;
 430              		.loc 1 179 3 is_stmt 1 view .LVU169
 431              		.loc 1 179 25 is_stmt 0 view .LVU170
 432 01d0 0A94     		str	r4, [sp, #40]
 180:Core/Src/gpio.c ****   GPIO_InitStruct.Alternate = GPIO_AF4_I2C1;
 433              		.loc 1 180 3 is_stmt 1 view .LVU171
 434              		.loc 1 180 29 is_stmt 0 view .LVU172
 435 01d2 0423     		movs	r3, #4
 436 01d4 0B93     		str	r3, [sp, #44]
 181:Core/Src/gpio.c ****   HAL_GPIO_Init(GPIOB, &GPIO_InitStruct);
 437              		.loc 1 181 3 is_stmt 1 view .LVU173
 438 01d6 07A9     		add	r1, sp, #28
 439 01d8 5046     		mov	r0, r10
 440 01da FFF7FEFF 		bl	HAL_GPIO_Init
 441              	.LVL16:
 182:Core/Src/gpio.c **** 
 183:Core/Src/gpio.c ****   /*Configure GPIO pin : PtPin */
 184:Core/Src/gpio.c ****   GPIO_InitStruct.Pin = MEMS_INT2_Pin;
 442              		.loc 1 184 3 view .LVU174
 443              		.loc 1 184 23 is_stmt 0 view .LVU175
 444 01de 0795     		str	r5, [sp, #28]
ARM GAS  /tmp/ccrT2vVK.s 			page 12


 185:Core/Src/gpio.c ****   GPIO_InitStruct.Mode = GPIO_MODE_EVT_RISING;
 445              		.loc 1 185 3 is_stmt 1 view .LVU176
 446              		.loc 1 185 24 is_stmt 0 view .LVU177
 447 01e0 4FF49013 		mov	r3, #1179648
 448 01e4 0893     		str	r3, [sp, #32]
 186:Core/Src/gpio.c ****   GPIO_InitStruct.Pull = GPIO_NOPULL;
 449              		.loc 1 186 3 is_stmt 1 view .LVU178
 450              		.loc 1 186 24 is_stmt 0 view .LVU179
 451 01e6 0994     		str	r4, [sp, #36]
 187:Core/Src/gpio.c ****   HAL_GPIO_Init(MEMS_INT2_GPIO_Port, &GPIO_InitStruct);
 452              		.loc 1 187 3 is_stmt 1 view .LVU180
 453 01e8 07A9     		add	r1, sp, #28
 454 01ea 0448     		ldr	r0, .L3+4
 455 01ec FFF7FEFF 		bl	HAL_GPIO_Init
 456              	.LVL17:
 188:Core/Src/gpio.c **** 
 189:Core/Src/gpio.c **** }
 457              		.loc 1 189 1 is_stmt 0 view .LVU181
 458 01f0 0DB0     		add	sp, sp, #52
 459              	.LCFI2:
 460              		.cfi_def_cfa_offset 36
 461              		@ sp needed
 462 01f2 BDE8F08F 		pop	{r4, r5, r6, r7, r8, r9, r10, fp, pc}
 463              	.L4:
 464 01f6 00BF     		.align	2
 465              	.L3:
 466 01f8 00380240 		.word	1073887232
 467 01fc 00100240 		.word	1073876992
 468 0200 00000240 		.word	1073872896
 469 0204 00080240 		.word	1073874944
 470 0208 000C0240 		.word	1073875968
 471 020c 00040240 		.word	1073873920
 472              		.cfi_endproc
 473              	.LFE130:
 475              		.text
 476              	.Letext0:
 477              		.file 2 "/opt/st/stm32cubeide_1.12.1/plugins/com.st.stm32cube.ide.mcu.externaltools.gnu-tools-for-
 478              		.file 3 "/opt/st/stm32cubeide_1.12.1/plugins/com.st.stm32cube.ide.mcu.externaltools.gnu-tools-for-
 479              		.file 4 "Drivers/CMSIS/Device/ST/STM32F4xx/Include/stm32f407xx.h"
 480              		.file 5 "Drivers/STM32F4xx_HAL_Driver/Inc/stm32f4xx_hal_gpio.h"
ARM GAS  /tmp/ccrT2vVK.s 			page 13


DEFINED SYMBOLS
                            *ABS*:0000000000000000 gpio.c
     /tmp/ccrT2vVK.s:20     .text.MX_GPIO_Init:0000000000000000 $t
     /tmp/ccrT2vVK.s:26     .text.MX_GPIO_Init:0000000000000000 MX_GPIO_Init
     /tmp/ccrT2vVK.s:466    .text.MX_GPIO_Init:00000000000001f8 $d

UNDEFINED SYMBOLS
HAL_GPIO_WritePin
HAL_GPIO_Init
