ARM GAS  /tmp/ccJubHnw.s 			page 1


   1              		.cpu cortex-m4
   2              		.arch armv7e-m
   3              		.fpu fpv4-sp-d16
   4              		.eabi_attribute 27, 1
   5              		.eabi_attribute 28, 1
   6              		.eabi_attribute 20, 1
   7              		.eabi_attribute 21, 1
   8              		.eabi_attribute 23, 3
   9              		.eabi_attribute 24, 1
  10              		.eabi_attribute 25, 1
  11              		.eabi_attribute 26, 1
  12              		.eabi_attribute 30, 1
  13              		.eabi_attribute 34, 1
  14              		.eabi_attribute 18, 4
  15              		.file	"microros_time.c"
  16              		.text
  17              	.Ltext0:
  18              		.cfi_sections	.debug_frame
  19              		.global	__aeabi_ldivmod
  20              		.section	.text.UTILS_NanosecondsToTimespec,"ax",%progbits
  21              		.align	1
  22              		.global	UTILS_NanosecondsToTimespec
  23              		.syntax unified
  24              		.thumb
  25              		.thumb_func
  27              	UTILS_NanosecondsToTimespec:
  28              	.LVL0:
  29              	.LFB4:
  30              		.file 1 "micro_ros_stm32cubemx_utils/extra_sources/microros_time.c"
   1:micro_ros_stm32cubemx_utils/extra_sources/microros_time.c **** #include <unistd.h>
   2:micro_ros_stm32cubemx_utils/extra_sources/microros_time.c **** #include <time.h>
   3:micro_ros_stm32cubemx_utils/extra_sources/microros_time.c **** #include "cmsis_os.h"
   4:micro_ros_stm32cubemx_utils/extra_sources/microros_time.c **** 
   5:micro_ros_stm32cubemx_utils/extra_sources/microros_time.c **** #define MICROSECONDS_PER_SECOND    ( 1000000LL )                                   /**< Microsecond
   6:micro_ros_stm32cubemx_utils/extra_sources/microros_time.c **** #define NANOSECONDS_PER_SECOND     ( 1000000000LL )                                /**< Nanoseconds
   7:micro_ros_stm32cubemx_utils/extra_sources/microros_time.c **** #define NANOSECONDS_PER_TICK       ( NANOSECONDS_PER_SECOND / configTICK_RATE_HZ ) /**< Nanoseconds
   8:micro_ros_stm32cubemx_utils/extra_sources/microros_time.c **** 
   9:micro_ros_stm32cubemx_utils/extra_sources/microros_time.c **** void UTILS_NanosecondsToTimespec( int64_t llSource,
  10:micro_ros_stm32cubemx_utils/extra_sources/microros_time.c ****                                   struct timespec * const pxDestination )
  11:micro_ros_stm32cubemx_utils/extra_sources/microros_time.c **** {
  31              		.loc 1 11 1 view -0
  32              		.cfi_startproc
  33              		@ args = 0, pretend = 0, frame = 0
  34              		@ frame_needed = 0, uses_anonymous_args = 0
  35              		.loc 1 11 1 is_stmt 0 view .LVU1
  36 0000 2DE9F041 		push	{r4, r5, r6, r7, r8, lr}
  37              	.LCFI0:
  38              		.cfi_def_cfa_offset 24
  39              		.cfi_offset 4, -24
  40              		.cfi_offset 5, -20
  41              		.cfi_offset 6, -16
  42              		.cfi_offset 7, -12
  43              		.cfi_offset 8, -8
  44              		.cfi_offset 14, -4
  45 0004 0746     		mov	r7, r0
  46 0006 0E46     		mov	r6, r1
  47 0008 1446     		mov	r4, r2
ARM GAS  /tmp/ccJubHnw.s 			page 2


  12:micro_ros_stm32cubemx_utils/extra_sources/microros_time.c ****     long lCarrySec = 0;
  48              		.loc 1 12 5 is_stmt 1 view .LVU2
  49              	.LVL1:
  13:micro_ros_stm32cubemx_utils/extra_sources/microros_time.c **** 
  14:micro_ros_stm32cubemx_utils/extra_sources/microros_time.c ****     /* Convert to timespec. */
  15:micro_ros_stm32cubemx_utils/extra_sources/microros_time.c ****     pxDestination->tv_sec = ( time_t ) ( llSource / NANOSECONDS_PER_SECOND );
  50              		.loc 1 15 5 view .LVU3
  51              		.loc 1 15 29 is_stmt 0 view .LVU4
  52 000a 15A3     		adr	r3, .L5+8
  53 000c D3E90023 		ldrd	r2, [r3]
  54              	.LVL2:
  55              		.loc 1 15 29 view .LVU5
  56 0010 FFF7FEFF 		bl	__aeabi_ldivmod
  57              	.LVL3:
  58              		.loc 1 15 29 view .LVU6
  59 0014 0D46     		mov	r5, r1
  60 0016 8046     		mov	r8, r0
  61              		.loc 1 15 27 view .LVU7
  62 0018 2060     		str	r0, [r4]
  63 001a 6160     		str	r1, [r4, #4]
  16:micro_ros_stm32cubemx_utils/extra_sources/microros_time.c ****     pxDestination->tv_nsec = ( long ) ( llSource % NANOSECONDS_PER_SECOND );
  64              		.loc 1 16 5 is_stmt 1 view .LVU8
  65              		.loc 1 16 50 is_stmt 0 view .LVU9
  66 001c 10A3     		adr	r3, .L5+8
  67 001e D3E90023 		ldrd	r2, [r3]
  68 0022 3846     		mov	r0, r7
  69 0024 3146     		mov	r1, r6
  70 0026 FFF7FEFF 		bl	__aeabi_ldivmod
  71              	.LVL4:
  72              		.loc 1 16 28 view .LVU10
  73 002a A260     		str	r2, [r4, #8]
  17:micro_ros_stm32cubemx_utils/extra_sources/microros_time.c **** 
  18:micro_ros_stm32cubemx_utils/extra_sources/microros_time.c ****     /* Subtract from tv_sec if tv_nsec < 0. */
  19:micro_ros_stm32cubemx_utils/extra_sources/microros_time.c ****     if( pxDestination->tv_nsec < 0L )
  74              		.loc 1 19 5 is_stmt 1 view .LVU11
  75              		.loc 1 19 7 is_stmt 0 view .LVU12
  76 002c 002A     		cmp	r2, #0
  77 002e 01DB     		blt	.L4
  78              	.LVL5:
  79              	.L1:
  20:micro_ros_stm32cubemx_utils/extra_sources/microros_time.c ****     {
  21:micro_ros_stm32cubemx_utils/extra_sources/microros_time.c ****         /* Compute the number of seconds to carry. */
  22:micro_ros_stm32cubemx_utils/extra_sources/microros_time.c ****         lCarrySec = ( pxDestination->tv_nsec / ( long ) NANOSECONDS_PER_SECOND ) + 1L;
  23:micro_ros_stm32cubemx_utils/extra_sources/microros_time.c **** 
  24:micro_ros_stm32cubemx_utils/extra_sources/microros_time.c ****         pxDestination->tv_sec -= ( time_t ) ( lCarrySec );
  25:micro_ros_stm32cubemx_utils/extra_sources/microros_time.c ****         pxDestination->tv_nsec += lCarrySec * ( long ) NANOSECONDS_PER_SECOND;
  26:micro_ros_stm32cubemx_utils/extra_sources/microros_time.c ****     }
  27:micro_ros_stm32cubemx_utils/extra_sources/microros_time.c **** }
  80              		.loc 1 27 1 view .LVU13
  81 0030 BDE8F081 		pop	{r4, r5, r6, r7, r8, pc}
  82              	.LVL6:
  83              	.L4:
  22:micro_ros_stm32cubemx_utils/extra_sources/microros_time.c **** 
  84              		.loc 1 22 9 is_stmt 1 view .LVU14
  22:micro_ros_stm32cubemx_utils/extra_sources/microros_time.c **** 
  85              		.loc 1 22 46 is_stmt 0 view .LVU15
  86 0034 0849     		ldr	r1, .L5
ARM GAS  /tmp/ccJubHnw.s 			page 3


  87 0036 81FB0231 		smull	r3, r1, r1, r2
  88 003a D317     		asrs	r3, r2, #31
  89 003c C3EB2173 		rsb	r3, r3, r1, asr #28
  22:micro_ros_stm32cubemx_utils/extra_sources/microros_time.c **** 
  90              		.loc 1 22 19 view .LVU16
  91 0040 0133     		adds	r3, r3, #1
  92              	.LVL7:
  24:micro_ros_stm32cubemx_utils/extra_sources/microros_time.c ****         pxDestination->tv_nsec += lCarrySec * ( long ) NANOSECONDS_PER_SECOND;
  93              		.loc 1 24 9 is_stmt 1 view .LVU17
  24:micro_ros_stm32cubemx_utils/extra_sources/microros_time.c ****         pxDestination->tv_nsec += lCarrySec * ( long ) NANOSECONDS_PER_SECOND;
  94              		.loc 1 24 31 is_stmt 0 view .LVU18
  95 0042 B8EB0301 		subs	r1, r8, r3
  96 0046 65EBE375 		sbc	r5, r5, r3, asr #31
  97 004a 2160     		str	r1, [r4]
  98 004c 6560     		str	r5, [r4, #4]
  25:micro_ros_stm32cubemx_utils/extra_sources/microros_time.c ****     }
  99              		.loc 1 25 9 is_stmt 1 view .LVU19
  25:micro_ros_stm32cubemx_utils/extra_sources/microros_time.c ****     }
 100              		.loc 1 25 32 is_stmt 0 view .LVU20
 101 004e 0349     		ldr	r1, .L5+4
 102 0050 01FB0322 		mla	r2, r1, r3, r2
 103 0054 A260     		str	r2, [r4, #8]
 104              		.loc 1 27 1 view .LVU21
 105 0056 EBE7     		b	.L1
 106              	.L6:
 107              		.align	3
 108              	.L5:
 109 0058 A12FB844 		.word	1152921505
 110 005c 00CA9A3B 		.word	1000000000
 111 0060 00CA9A3B 		.word	1000000000
 112 0064 00000000 		.word	0
 113              		.cfi_endproc
 114              	.LFE4:
 116              		.section	.text.clock_gettime,"ax",%progbits
 117              		.align	1
 118              		.global	clock_gettime
 119              		.syntax unified
 120              		.thumb
 121              		.thumb_func
 123              	clock_gettime:
 124              	.LVL8:
 125              	.LFB5:
  28:micro_ros_stm32cubemx_utils/extra_sources/microros_time.c **** 
  29:micro_ros_stm32cubemx_utils/extra_sources/microros_time.c **** int clock_gettime( int clock_id,
  30:micro_ros_stm32cubemx_utils/extra_sources/microros_time.c ****                    struct timespec * tp )
  31:micro_ros_stm32cubemx_utils/extra_sources/microros_time.c **** {
 126              		.loc 1 31 1 is_stmt 1 view -0
 127              		.cfi_startproc
 128              		@ args = 0, pretend = 0, frame = 8
 129              		@ frame_needed = 0, uses_anonymous_args = 0
 130              		.loc 1 31 1 is_stmt 0 view .LVU23
 131 0000 30B5     		push	{r4, r5, lr}
 132              	.LCFI1:
 133              		.cfi_def_cfa_offset 12
 134              		.cfi_offset 4, -12
 135              		.cfi_offset 5, -8
 136              		.cfi_offset 14, -4
ARM GAS  /tmp/ccJubHnw.s 			page 4


 137 0002 83B0     		sub	sp, sp, #12
 138              	.LCFI2:
 139              		.cfi_def_cfa_offset 24
 140 0004 0D46     		mov	r5, r1
  32:micro_ros_stm32cubemx_utils/extra_sources/microros_time.c ****     TimeOut_t xCurrentTime = { 0 };
 141              		.loc 1 32 5 is_stmt 1 view .LVU24
 142              		.loc 1 32 15 is_stmt 0 view .LVU25
 143 0006 0024     		movs	r4, #0
 144 0008 0094     		str	r4, [sp]
 145 000a 0194     		str	r4, [sp, #4]
  33:micro_ros_stm32cubemx_utils/extra_sources/microros_time.c **** 
  34:micro_ros_stm32cubemx_utils/extra_sources/microros_time.c ****     /* Intermediate variable used to convert TimeOut_t to struct timespec.
  35:micro_ros_stm32cubemx_utils/extra_sources/microros_time.c ****      * Also used to detect overflow issues. It must be unsigned because the
  36:micro_ros_stm32cubemx_utils/extra_sources/microros_time.c ****      * behavior of signed integer overflow is undefined. */
  37:micro_ros_stm32cubemx_utils/extra_sources/microros_time.c ****     uint64_t ullTickCount = 0ULL;
 146              		.loc 1 37 5 is_stmt 1 view .LVU26
 147              	.LVL9:
  38:micro_ros_stm32cubemx_utils/extra_sources/microros_time.c **** 
  39:micro_ros_stm32cubemx_utils/extra_sources/microros_time.c ****     /* Silence warnings about unused parameters. */
  40:micro_ros_stm32cubemx_utils/extra_sources/microros_time.c ****     ( void ) clock_id;
 148              		.loc 1 40 5 view .LVU27
  41:micro_ros_stm32cubemx_utils/extra_sources/microros_time.c **** 
  42:micro_ros_stm32cubemx_utils/extra_sources/microros_time.c ****     /* Get the current tick count and overflow count. vTaskSetTimeOutState()
  43:micro_ros_stm32cubemx_utils/extra_sources/microros_time.c ****      * is used to get these values because they are both static in tasks.c. */
  44:micro_ros_stm32cubemx_utils/extra_sources/microros_time.c ****     vTaskSetTimeOutState( &xCurrentTime );
 149              		.loc 1 44 5 view .LVU28
 150 000c 6846     		mov	r0, sp
 151              	.LVL10:
 152              		.loc 1 44 5 is_stmt 0 view .LVU29
 153 000e FFF7FEFF 		bl	vTaskSetTimeOutState
 154              	.LVL11:
  45:micro_ros_stm32cubemx_utils/extra_sources/microros_time.c **** 
  46:micro_ros_stm32cubemx_utils/extra_sources/microros_time.c ****     /* Adjust the tick count for the number of times a TickType_t has overflowed.
  47:micro_ros_stm32cubemx_utils/extra_sources/microros_time.c ****      * portMAX_DELAY should be the maximum value of a TickType_t. */
  48:micro_ros_stm32cubemx_utils/extra_sources/microros_time.c ****     ullTickCount = ( uint64_t ) ( xCurrentTime.xOverflowCount ) << ( sizeof( TickType_t ) * 8 );
 155              		.loc 1 48 5 is_stmt 1 view .LVU30
 156              		.loc 1 48 47 is_stmt 0 view .LVU31
 157 0012 0099     		ldr	r1, [sp]
 158              	.LVL12:
  49:micro_ros_stm32cubemx_utils/extra_sources/microros_time.c **** 
  50:micro_ros_stm32cubemx_utils/extra_sources/microros_time.c ****     /* Add the current tick count. */
  51:micro_ros_stm32cubemx_utils/extra_sources/microros_time.c ****     ullTickCount += xCurrentTime.xTimeOnEntering;
 159              		.loc 1 51 5 is_stmt 1 view .LVU32
 160              		.loc 1 51 18 is_stmt 0 view .LVU33
 161 0014 019A     		ldr	r2, [sp, #4]
 162              	.LVL13:
  52:micro_ros_stm32cubemx_utils/extra_sources/microros_time.c **** 
  53:micro_ros_stm32cubemx_utils/extra_sources/microros_time.c ****     /* Convert ullTickCount to timespec. */
  54:micro_ros_stm32cubemx_utils/extra_sources/microros_time.c ****     UTILS_NanosecondsToTimespec( ( int64_t ) ullTickCount * NANOSECONDS_PER_TICK, tp );
 163              		.loc 1 54 5 is_stmt 1 view .LVU34
 164 0016 4FEA411C 		lsl	ip, r1, #5
 165 001a 4CEAD26C 		orr	ip, ip, r2, lsr #27
 166 001e 5301     		lsls	r3, r2, #5
 167 0020 9B1A     		subs	r3, r3, r2
 168 0022 6CEB010C 		sbc	ip, ip, r1
 169 0026 4FEA4C2C 		lsl	ip, ip, #9
 170 002a 4CEAD35C 		orr	ip, ip, r3, lsr #23
ARM GAS  /tmp/ccJubHnw.s 			page 5


 171 002e 5B02     		lsls	r3, r3, #9
 172 0030 9B18     		adds	r3, r3, r2
 173 0032 41EB0C0C 		adc	ip, r1, ip
 174 0036 4FEA8C1E 		lsl	lr, ip, #6
 175 003a 4EEA936E 		orr	lr, lr, r3, lsr #26
 176 003e 9801     		lsls	r0, r3, #6
 177 0040 C31A     		subs	r3, r0, r3
 178 0042 6EEB0C0C 		sbc	ip, lr, ip
 179 0046 9818     		adds	r0, r3, r2
 180 0048 2A46     		mov	r2, r5
 181              	.LVL14:
 182              		.loc 1 54 5 is_stmt 0 view .LVU35
 183 004a 41EB0C01 		adc	r1, r1, ip
 184              	.LVL15:
 185              		.loc 1 54 5 view .LVU36
 186 004e FFF7FEFF 		bl	UTILS_NanosecondsToTimespec
 187              	.LVL16:
  55:micro_ros_stm32cubemx_utils/extra_sources/microros_time.c **** 
  56:micro_ros_stm32cubemx_utils/extra_sources/microros_time.c ****     return 0;
 188              		.loc 1 56 5 is_stmt 1 view .LVU37
  57:micro_ros_stm32cubemx_utils/extra_sources/microros_time.c **** }...
 189              		.loc 1 57 1 is_stmt 0 view .LVU38
 190 0052 2046     		mov	r0, r4
 191 0054 03B0     		add	sp, sp, #12
 192              	.LCFI3:
 193              		.cfi_def_cfa_offset 12
 194              		@ sp needed
 195 0056 30BD     		pop	{r4, r5, pc}
 196              		.loc 1 57 1 view .LVU39
 197              		.cfi_endproc
 198              	.LFE5:
 200              		.text
 201              	.Letext0:
 202              		.file 2 "/opt/st/stm32cubeide_1.12.1/plugins/com.st.stm32cube.ide.mcu.externaltools.gnu-tools-for-
 203              		.file 3 "/opt/st/stm32cubeide_1.12.1/plugins/com.st.stm32cube.ide.mcu.externaltools.gnu-tools-for-
 204              		.file 4 "/opt/st/stm32cubeide_1.12.1/plugins/com.st.stm32cube.ide.mcu.externaltools.gnu-tools-for-
 205              		.file 5 "/opt/st/stm32cubeide_1.12.1/plugins/com.st.stm32cube.ide.mcu.externaltools.gnu-tools-for-
 206              		.file 6 "Middlewares/Third_Party/FreeRTOS/Source/portable/GCC/ARM_CM4F/portmacro.h"
 207              		.file 7 "Middlewares/Third_Party/FreeRTOS/Source/include/task.h"
ARM GAS  /tmp/ccJubHnw.s 			page 6


DEFINED SYMBOLS
                            *ABS*:0000000000000000 microros_time.c
     /tmp/ccJubHnw.s:21     .text.UTILS_NanosecondsToTimespec:0000000000000000 $t
     /tmp/ccJubHnw.s:27     .text.UTILS_NanosecondsToTimespec:0000000000000000 UTILS_NanosecondsToTimespec
     /tmp/ccJubHnw.s:109    .text.UTILS_NanosecondsToTimespec:0000000000000058 $d
     /tmp/ccJubHnw.s:117    .text.clock_gettime:0000000000000000 $t
     /tmp/ccJubHnw.s:123    .text.clock_gettime:0000000000000000 clock_gettime

UNDEFINED SYMBOLS
__aeabi_ldivmod
vTaskSetTimeOutState
