ARM GAS  /tmp/ccP8Jjjv.s 			page 1


   1              		.cpu cortex-m4
   2              		.arch armv7e-m
   3              		.fpu fpv4-sp-d16
   4              		.eabi_attribute 27, 1
   5              		.eabi_attribute 28, 1
   6              		.eabi_attribute 20, 1
   7              		.eabi_attribute 21, 1
   8              		.eabi_attribute 23, 3
   9              		.eabi_attribute 24, 1
  10              		.eabi_attribute 25, 1
  11              		.eabi_attribute 26, 1
  12              		.eabi_attribute 30, 1
  13              		.eabi_attribute 34, 1
  14              		.eabi_attribute 18, 4
  15              		.file	"stm32f4xx_hal_timebase_tim.c"
  16              		.text
  17              	.Ltext0:
  18              		.cfi_sections	.debug_frame
  19              		.section	.text.HAL_InitTick,"ax",%progbits
  20              		.align	1
  21              		.global	HAL_InitTick
  22              		.syntax unified
  23              		.thumb
  24              		.thumb_func
  26              	HAL_InitTick:
  27              	.LVL0:
  28              	.LFB130:
  29              		.file 1 "Core/Src/stm32f4xx_hal_timebase_tim.c"
   1:Core/Src/stm32f4xx_hal_timebase_tim.c **** /* USER CODE BEGIN Header */
   2:Core/Src/stm32f4xx_hal_timebase_tim.c **** /**
   3:Core/Src/stm32f4xx_hal_timebase_tim.c ****   ******************************************************************************
   4:Core/Src/stm32f4xx_hal_timebase_tim.c ****   * @file    stm32f4xx_hal_timebase_TIM.c
   5:Core/Src/stm32f4xx_hal_timebase_tim.c ****   * @brief   HAL time base based on the hardware TIM.
   6:Core/Src/stm32f4xx_hal_timebase_tim.c ****   ******************************************************************************
   7:Core/Src/stm32f4xx_hal_timebase_tim.c ****   * @attention
   8:Core/Src/stm32f4xx_hal_timebase_tim.c ****   *
   9:Core/Src/stm32f4xx_hal_timebase_tim.c ****   * Copyright (c) 2023 STMicroelectronics.
  10:Core/Src/stm32f4xx_hal_timebase_tim.c ****   * All rights reserved.
  11:Core/Src/stm32f4xx_hal_timebase_tim.c ****   *
  12:Core/Src/stm32f4xx_hal_timebase_tim.c ****   * This software is licensed under terms that can be found in the LICENSE file
  13:Core/Src/stm32f4xx_hal_timebase_tim.c ****   * in the root directory of this software component.
  14:Core/Src/stm32f4xx_hal_timebase_tim.c ****   * If no LICENSE file comes with this software, it is provided AS-IS.
  15:Core/Src/stm32f4xx_hal_timebase_tim.c ****   *
  16:Core/Src/stm32f4xx_hal_timebase_tim.c ****   ******************************************************************************
  17:Core/Src/stm32f4xx_hal_timebase_tim.c ****   */
  18:Core/Src/stm32f4xx_hal_timebase_tim.c **** /* USER CODE END Header */
  19:Core/Src/stm32f4xx_hal_timebase_tim.c **** 
  20:Core/Src/stm32f4xx_hal_timebase_tim.c **** /* Includes ------------------------------------------------------------------*/
  21:Core/Src/stm32f4xx_hal_timebase_tim.c **** #include "stm32f4xx_hal.h"
  22:Core/Src/stm32f4xx_hal_timebase_tim.c **** #include "stm32f4xx_hal_tim.h"
  23:Core/Src/stm32f4xx_hal_timebase_tim.c **** 
  24:Core/Src/stm32f4xx_hal_timebase_tim.c **** /* Private typedef -----------------------------------------------------------*/
  25:Core/Src/stm32f4xx_hal_timebase_tim.c **** /* Private define ------------------------------------------------------------*/
  26:Core/Src/stm32f4xx_hal_timebase_tim.c **** /* Private macro -------------------------------------------------------------*/
  27:Core/Src/stm32f4xx_hal_timebase_tim.c **** /* Private variables ---------------------------------------------------------*/
  28:Core/Src/stm32f4xx_hal_timebase_tim.c **** TIM_HandleTypeDef        htim1;
  29:Core/Src/stm32f4xx_hal_timebase_tim.c **** /* Private function prototypes -----------------------------------------------*/
ARM GAS  /tmp/ccP8Jjjv.s 			page 2


  30:Core/Src/stm32f4xx_hal_timebase_tim.c **** /* Private functions ---------------------------------------------------------*/
  31:Core/Src/stm32f4xx_hal_timebase_tim.c **** 
  32:Core/Src/stm32f4xx_hal_timebase_tim.c **** /**
  33:Core/Src/stm32f4xx_hal_timebase_tim.c ****   * @brief  This function configures the TIM1 as a time base source.
  34:Core/Src/stm32f4xx_hal_timebase_tim.c ****   *         The time source is configured  to have 1ms time base with a dedicated
  35:Core/Src/stm32f4xx_hal_timebase_tim.c ****   *         Tick interrupt priority.
  36:Core/Src/stm32f4xx_hal_timebase_tim.c ****   * @note   This function is called  automatically at the beginning of program after
  37:Core/Src/stm32f4xx_hal_timebase_tim.c ****   *         reset by HAL_Init() or at any time when clock is configured, by HAL_RCC_ClockConfig().
  38:Core/Src/stm32f4xx_hal_timebase_tim.c ****   * @param  TickPriority: Tick interrupt priority.
  39:Core/Src/stm32f4xx_hal_timebase_tim.c ****   * @retval HAL status
  40:Core/Src/stm32f4xx_hal_timebase_tim.c ****   */
  41:Core/Src/stm32f4xx_hal_timebase_tim.c **** HAL_StatusTypeDef HAL_InitTick(uint32_t TickPriority)
  42:Core/Src/stm32f4xx_hal_timebase_tim.c **** {
  30              		.loc 1 42 1 view -0
  31              		.cfi_startproc
  32              		@ args = 0, pretend = 0, frame = 32
  33              		@ frame_needed = 0, uses_anonymous_args = 0
  34              		.loc 1 42 1 is_stmt 0 view .LVU1
  35 0000 30B5     		push	{r4, r5, lr}
  36              	.LCFI0:
  37              		.cfi_def_cfa_offset 12
  38              		.cfi_offset 4, -12
  39              		.cfi_offset 5, -8
  40              		.cfi_offset 14, -4
  41 0002 89B0     		sub	sp, sp, #36
  42              	.LCFI1:
  43              		.cfi_def_cfa_offset 48
  44 0004 0546     		mov	r5, r0
  43:Core/Src/stm32f4xx_hal_timebase_tim.c ****   RCC_ClkInitTypeDef    clkconfig;
  45              		.loc 1 43 3 is_stmt 1 view .LVU2
  44:Core/Src/stm32f4xx_hal_timebase_tim.c ****   uint32_t              uwTimclock = 0U;
  46              		.loc 1 44 3 view .LVU3
  47              	.LVL1:
  45:Core/Src/stm32f4xx_hal_timebase_tim.c **** 
  46:Core/Src/stm32f4xx_hal_timebase_tim.c ****   uint32_t              uwPrescalerValue = 0U;
  48              		.loc 1 46 3 view .LVU4
  47:Core/Src/stm32f4xx_hal_timebase_tim.c ****   uint32_t              pFLatency;
  49              		.loc 1 47 3 view .LVU5
  48:Core/Src/stm32f4xx_hal_timebase_tim.c ****   HAL_StatusTypeDef     status;
  50              		.loc 1 48 3 view .LVU6
  49:Core/Src/stm32f4xx_hal_timebase_tim.c **** 
  50:Core/Src/stm32f4xx_hal_timebase_tim.c ****   /* Enable TIM1 clock */
  51:Core/Src/stm32f4xx_hal_timebase_tim.c ****   __HAL_RCC_TIM1_CLK_ENABLE();
  51              		.loc 1 51 3 view .LVU7
  52              	.LBB2:
  53              		.loc 1 51 3 view .LVU8
  54 0006 0024     		movs	r4, #0
  55 0008 0194     		str	r4, [sp, #4]
  56              		.loc 1 51 3 view .LVU9
  57 000a 1E4B     		ldr	r3, .L7
  58 000c 5A6C     		ldr	r2, [r3, #68]
  59 000e 42F00102 		orr	r2, r2, #1
  60 0012 5A64     		str	r2, [r3, #68]
  61              		.loc 1 51 3 view .LVU10
  62 0014 5B6C     		ldr	r3, [r3, #68]
  63 0016 03F00103 		and	r3, r3, #1
  64 001a 0193     		str	r3, [sp, #4]
ARM GAS  /tmp/ccP8Jjjv.s 			page 3


  65              		.loc 1 51 3 view .LVU11
  66 001c 019B     		ldr	r3, [sp, #4]
  67              	.LBE2:
  68              		.loc 1 51 3 view .LVU12
  52:Core/Src/stm32f4xx_hal_timebase_tim.c **** 
  53:Core/Src/stm32f4xx_hal_timebase_tim.c ****   /* Get clock configuration */
  54:Core/Src/stm32f4xx_hal_timebase_tim.c ****   HAL_RCC_GetClockConfig(&clkconfig, &pFLatency);
  69              		.loc 1 54 3 view .LVU13
  70 001e 02A9     		add	r1, sp, #8
  71 0020 03A8     		add	r0, sp, #12
  72              	.LVL2:
  73              		.loc 1 54 3 is_stmt 0 view .LVU14
  74 0022 FFF7FEFF 		bl	HAL_RCC_GetClockConfig
  75              	.LVL3:
  55:Core/Src/stm32f4xx_hal_timebase_tim.c **** 
  56:Core/Src/stm32f4xx_hal_timebase_tim.c ****   /* Compute TIM1 clock */
  57:Core/Src/stm32f4xx_hal_timebase_tim.c ****       uwTimclock = 2*HAL_RCC_GetPCLK2Freq();
  76              		.loc 1 57 7 is_stmt 1 view .LVU15
  77              		.loc 1 57 22 is_stmt 0 view .LVU16
  78 0026 FFF7FEFF 		bl	HAL_RCC_GetPCLK2Freq
  79              	.LVL4:
  80              		.loc 1 57 18 view .LVU17
  81 002a 4300     		lsls	r3, r0, #1
  82              	.LVL5:
  58:Core/Src/stm32f4xx_hal_timebase_tim.c **** 
  59:Core/Src/stm32f4xx_hal_timebase_tim.c ****   /* Compute the prescaler value to have TIM1 counter clock equal to 1MHz */
  60:Core/Src/stm32f4xx_hal_timebase_tim.c ****   uwPrescalerValue = (uint32_t) ((uwTimclock / 1000000U) - 1U);
  83              		.loc 1 60 3 is_stmt 1 view .LVU18
  84              		.loc 1 60 46 is_stmt 0 view .LVU19
  85 002c 1648     		ldr	r0, .L7+4
  86 002e A0FB0323 		umull	r2, r3, r0, r3
  87              	.LVL6:
  88              		.loc 1 60 46 view .LVU20
  89 0032 9B0C     		lsrs	r3, r3, #18
  90              		.loc 1 60 20 view .LVU21
  91 0034 013B     		subs	r3, r3, #1
  92              	.LVL7:
  61:Core/Src/stm32f4xx_hal_timebase_tim.c **** 
  62:Core/Src/stm32f4xx_hal_timebase_tim.c ****   /* Initialize TIM1 */
  63:Core/Src/stm32f4xx_hal_timebase_tim.c ****   htim1.Instance = TIM1;
  93              		.loc 1 63 3 is_stmt 1 view .LVU22
  94              		.loc 1 63 18 is_stmt 0 view .LVU23
  95 0036 1548     		ldr	r0, .L7+8
  96 0038 154A     		ldr	r2, .L7+12
  97 003a 0260     		str	r2, [r0]
  64:Core/Src/stm32f4xx_hal_timebase_tim.c **** 
  65:Core/Src/stm32f4xx_hal_timebase_tim.c ****   /* Initialize TIMx peripheral as follow:
  66:Core/Src/stm32f4xx_hal_timebase_tim.c **** 
  67:Core/Src/stm32f4xx_hal_timebase_tim.c ****   + Period = [(TIM1CLK/1000) - 1]. to have a (1/1000) s time base.
  68:Core/Src/stm32f4xx_hal_timebase_tim.c ****   + Prescaler = (uwTimclock/1000000 - 1) to have a 1MHz counter clock.
  69:Core/Src/stm32f4xx_hal_timebase_tim.c ****   + ClockDivision = 0
  70:Core/Src/stm32f4xx_hal_timebase_tim.c ****   + Counter direction = Up
  71:Core/Src/stm32f4xx_hal_timebase_tim.c ****   */
  72:Core/Src/stm32f4xx_hal_timebase_tim.c ****   htim1.Init.Period = (1000000U / 1000U) - 1U;
  98              		.loc 1 72 3 is_stmt 1 view .LVU24
  99              		.loc 1 72 21 is_stmt 0 view .LVU25
 100 003c 40F2E732 		movw	r2, #999
ARM GAS  /tmp/ccP8Jjjv.s 			page 4


 101 0040 C260     		str	r2, [r0, #12]
  73:Core/Src/stm32f4xx_hal_timebase_tim.c ****   htim1.Init.Prescaler = uwPrescalerValue;
 102              		.loc 1 73 3 is_stmt 1 view .LVU26
 103              		.loc 1 73 24 is_stmt 0 view .LVU27
 104 0042 4360     		str	r3, [r0, #4]
  74:Core/Src/stm32f4xx_hal_timebase_tim.c ****   htim1.Init.ClockDivision = 0;
 105              		.loc 1 74 3 is_stmt 1 view .LVU28
 106              		.loc 1 74 28 is_stmt 0 view .LVU29
 107 0044 0461     		str	r4, [r0, #16]
  75:Core/Src/stm32f4xx_hal_timebase_tim.c ****   htim1.Init.CounterMode = TIM_COUNTERMODE_UP;
 108              		.loc 1 75 3 is_stmt 1 view .LVU30
 109              		.loc 1 75 26 is_stmt 0 view .LVU31
 110 0046 8460     		str	r4, [r0, #8]
  76:Core/Src/stm32f4xx_hal_timebase_tim.c ****   htim1.Init.AutoReloadPreload = TIM_AUTORELOAD_PRELOAD_DISABLE;
 111              		.loc 1 76 3 is_stmt 1 view .LVU32
 112              		.loc 1 76 32 is_stmt 0 view .LVU33
 113 0048 8461     		str	r4, [r0, #24]
  77:Core/Src/stm32f4xx_hal_timebase_tim.c **** 
  78:Core/Src/stm32f4xx_hal_timebase_tim.c ****   status = HAL_TIM_Base_Init(&htim1);
 114              		.loc 1 78 3 is_stmt 1 view .LVU34
 115              		.loc 1 78 12 is_stmt 0 view .LVU35
 116 004a FFF7FEFF 		bl	HAL_TIM_Base_Init
 117              	.LVL8:
  79:Core/Src/stm32f4xx_hal_timebase_tim.c ****   if (status == HAL_OK)
 118              		.loc 1 79 3 is_stmt 1 view .LVU36
 119              		.loc 1 79 6 is_stmt 0 view .LVU37
 120 004e 0446     		mov	r4, r0
 121 0050 10B1     		cbz	r0, .L5
 122              	.LVL9:
 123              	.L2:
  80:Core/Src/stm32f4xx_hal_timebase_tim.c ****   {
  81:Core/Src/stm32f4xx_hal_timebase_tim.c ****     /* Start the TIM time Base generation in interrupt mode */
  82:Core/Src/stm32f4xx_hal_timebase_tim.c ****     status = HAL_TIM_Base_Start_IT(&htim1);
  83:Core/Src/stm32f4xx_hal_timebase_tim.c ****     if (status == HAL_OK)
  84:Core/Src/stm32f4xx_hal_timebase_tim.c ****     {
  85:Core/Src/stm32f4xx_hal_timebase_tim.c ****     /* Enable the TIM1 global Interrupt */
  86:Core/Src/stm32f4xx_hal_timebase_tim.c ****         HAL_NVIC_EnableIRQ(TIM1_UP_TIM10_IRQn);
  87:Core/Src/stm32f4xx_hal_timebase_tim.c ****       /* Configure the SysTick IRQ priority */
  88:Core/Src/stm32f4xx_hal_timebase_tim.c ****       if (TickPriority < (1UL << __NVIC_PRIO_BITS))
  89:Core/Src/stm32f4xx_hal_timebase_tim.c ****       {
  90:Core/Src/stm32f4xx_hal_timebase_tim.c ****         /* Configure the TIM IRQ priority */
  91:Core/Src/stm32f4xx_hal_timebase_tim.c ****         HAL_NVIC_SetPriority(TIM1_UP_TIM10_IRQn, TickPriority, 0U);
  92:Core/Src/stm32f4xx_hal_timebase_tim.c ****         uwTickPrio = TickPriority;
  93:Core/Src/stm32f4xx_hal_timebase_tim.c ****       }
  94:Core/Src/stm32f4xx_hal_timebase_tim.c ****       else
  95:Core/Src/stm32f4xx_hal_timebase_tim.c ****       {
  96:Core/Src/stm32f4xx_hal_timebase_tim.c ****         status = HAL_ERROR;
  97:Core/Src/stm32f4xx_hal_timebase_tim.c ****       }
  98:Core/Src/stm32f4xx_hal_timebase_tim.c ****     }
  99:Core/Src/stm32f4xx_hal_timebase_tim.c ****   }
 100:Core/Src/stm32f4xx_hal_timebase_tim.c **** 
 101:Core/Src/stm32f4xx_hal_timebase_tim.c ****  /* Return function status */
 102:Core/Src/stm32f4xx_hal_timebase_tim.c ****   return status;
 124              		.loc 1 102 3 is_stmt 1 view .LVU38
 103:Core/Src/stm32f4xx_hal_timebase_tim.c **** }
 125              		.loc 1 103 1 is_stmt 0 view .LVU39
 126 0052 2046     		mov	r0, r4
ARM GAS  /tmp/ccP8Jjjv.s 			page 5


 127 0054 09B0     		add	sp, sp, #36
 128              	.LCFI2:
 129              		.cfi_remember_state
 130              		.cfi_def_cfa_offset 12
 131              		@ sp needed
 132 0056 30BD     		pop	{r4, r5, pc}
 133              	.LVL10:
 134              	.L5:
 135              	.LCFI3:
 136              		.cfi_restore_state
  82:Core/Src/stm32f4xx_hal_timebase_tim.c ****     if (status == HAL_OK)
 137              		.loc 1 82 5 is_stmt 1 view .LVU40
  82:Core/Src/stm32f4xx_hal_timebase_tim.c ****     if (status == HAL_OK)
 138              		.loc 1 82 14 is_stmt 0 view .LVU41
 139 0058 0C48     		ldr	r0, .L7+8
 140              	.LVL11:
  82:Core/Src/stm32f4xx_hal_timebase_tim.c ****     if (status == HAL_OK)
 141              		.loc 1 82 14 view .LVU42
 142 005a FFF7FEFF 		bl	HAL_TIM_Base_Start_IT
 143              	.LVL12:
  83:Core/Src/stm32f4xx_hal_timebase_tim.c ****     {
 144              		.loc 1 83 5 is_stmt 1 view .LVU43
  83:Core/Src/stm32f4xx_hal_timebase_tim.c ****     {
 145              		.loc 1 83 8 is_stmt 0 view .LVU44
 146 005e 0446     		mov	r4, r0
 147 0060 0028     		cmp	r0, #0
 148 0062 F6D1     		bne	.L2
  86:Core/Src/stm32f4xx_hal_timebase_tim.c ****       /* Configure the SysTick IRQ priority */
 149              		.loc 1 86 9 is_stmt 1 view .LVU45
 150 0064 1920     		movs	r0, #25
 151              	.LVL13:
  86:Core/Src/stm32f4xx_hal_timebase_tim.c ****       /* Configure the SysTick IRQ priority */
 152              		.loc 1 86 9 is_stmt 0 view .LVU46
 153 0066 FFF7FEFF 		bl	HAL_NVIC_EnableIRQ
 154              	.LVL14:
  88:Core/Src/stm32f4xx_hal_timebase_tim.c ****       {
 155              		.loc 1 88 7 is_stmt 1 view .LVU47
  88:Core/Src/stm32f4xx_hal_timebase_tim.c ****       {
 156              		.loc 1 88 10 is_stmt 0 view .LVU48
 157 006a 0F2D     		cmp	r5, #15
 158 006c 01D9     		bls	.L6
  96:Core/Src/stm32f4xx_hal_timebase_tim.c ****       }
 159              		.loc 1 96 16 view .LVU49
 160 006e 0124     		movs	r4, #1
 161 0070 EFE7     		b	.L2
 162              	.L6:
  91:Core/Src/stm32f4xx_hal_timebase_tim.c ****         uwTickPrio = TickPriority;
 163              		.loc 1 91 9 is_stmt 1 view .LVU50
 164 0072 0022     		movs	r2, #0
 165 0074 2946     		mov	r1, r5
 166 0076 1920     		movs	r0, #25
 167 0078 FFF7FEFF 		bl	HAL_NVIC_SetPriority
 168              	.LVL15:
  92:Core/Src/stm32f4xx_hal_timebase_tim.c ****       }
 169              		.loc 1 92 9 view .LVU51
  92:Core/Src/stm32f4xx_hal_timebase_tim.c ****       }
 170              		.loc 1 92 20 is_stmt 0 view .LVU52
ARM GAS  /tmp/ccP8Jjjv.s 			page 6


 171 007c 054B     		ldr	r3, .L7+16
 172 007e 1D60     		str	r5, [r3]
 173 0080 E7E7     		b	.L2
 174              	.L8:
 175 0082 00BF     		.align	2
 176              	.L7:
 177 0084 00380240 		.word	1073887232
 178 0088 83DE1B43 		.word	1125899907
 179 008c 00000000 		.word	.LANCHOR0
 180 0090 00000140 		.word	1073807360
 181 0094 00000000 		.word	uwTickPrio
 182              		.cfi_endproc
 183              	.LFE130:
 185              		.section	.text.HAL_SuspendTick,"ax",%progbits
 186              		.align	1
 187              		.global	HAL_SuspendTick
 188              		.syntax unified
 189              		.thumb
 190              		.thumb_func
 192              	HAL_SuspendTick:
 193              	.LFB131:
 104:Core/Src/stm32f4xx_hal_timebase_tim.c **** 
 105:Core/Src/stm32f4xx_hal_timebase_tim.c **** /**
 106:Core/Src/stm32f4xx_hal_timebase_tim.c ****   * @brief  Suspend Tick increment.
 107:Core/Src/stm32f4xx_hal_timebase_tim.c ****   * @note   Disable the tick increment by disabling TIM1 update interrupt.
 108:Core/Src/stm32f4xx_hal_timebase_tim.c ****   * @param  None
 109:Core/Src/stm32f4xx_hal_timebase_tim.c ****   * @retval None
 110:Core/Src/stm32f4xx_hal_timebase_tim.c ****   */
 111:Core/Src/stm32f4xx_hal_timebase_tim.c **** void HAL_SuspendTick(void)
 112:Core/Src/stm32f4xx_hal_timebase_tim.c **** {
 194              		.loc 1 112 1 is_stmt 1 view -0
 195              		.cfi_startproc
 196              		@ args = 0, pretend = 0, frame = 0
 197              		@ frame_needed = 0, uses_anonymous_args = 0
 198              		@ link register save eliminated.
 113:Core/Src/stm32f4xx_hal_timebase_tim.c ****   /* Disable TIM1 update Interrupt */
 114:Core/Src/stm32f4xx_hal_timebase_tim.c ****   __HAL_TIM_DISABLE_IT(&htim1, TIM_IT_UPDATE);
 199              		.loc 1 114 3 view .LVU54
 200 0000 034B     		ldr	r3, .L10
 201 0002 1A68     		ldr	r2, [r3]
 202 0004 D368     		ldr	r3, [r2, #12]
 203 0006 23F00103 		bic	r3, r3, #1
 204 000a D360     		str	r3, [r2, #12]
 115:Core/Src/stm32f4xx_hal_timebase_tim.c **** }
 205              		.loc 1 115 1 is_stmt 0 view .LVU55
 206 000c 7047     		bx	lr
 207              	.L11:
 208 000e 00BF     		.align	2
 209              	.L10:
 210 0010 00000000 		.word	.LANCHOR0
 211              		.cfi_endproc
 212              	.LFE131:
 214              		.section	.text.HAL_ResumeTick,"ax",%progbits
 215              		.align	1
 216              		.global	HAL_ResumeTick
 217              		.syntax unified
 218              		.thumb
ARM GAS  /tmp/ccP8Jjjv.s 			page 7


 219              		.thumb_func
 221              	HAL_ResumeTick:
 222              	.LFB132:
 116:Core/Src/stm32f4xx_hal_timebase_tim.c **** 
 117:Core/Src/stm32f4xx_hal_timebase_tim.c **** /**
 118:Core/Src/stm32f4xx_hal_timebase_tim.c ****   * @brief  Resume Tick increment.
 119:Core/Src/stm32f4xx_hal_timebase_tim.c ****   * @note   Enable the tick increment by Enabling TIM1 update interrupt.
 120:Core/Src/stm32f4xx_hal_timebase_tim.c ****   * @param  None
 121:Core/Src/stm32f4xx_hal_timebase_tim.c ****   * @retval None
 122:Core/Src/stm32f4xx_hal_timebase_tim.c ****   */
 123:Core/Src/stm32f4xx_hal_timebase_tim.c **** void HAL_ResumeTick(void)
 124:Core/Src/stm32f4xx_hal_timebase_tim.c **** {
 223              		.loc 1 124 1 is_stmt 1 view -0
 224              		.cfi_startproc
 225              		@ args = 0, pretend = 0, frame = 0
 226              		@ frame_needed = 0, uses_anonymous_args = 0
 227              		@ link register save eliminated.
 125:Core/Src/stm32f4xx_hal_timebase_tim.c ****   /* Enable TIM1 Update interrupt */
 126:Core/Src/stm32f4xx_hal_timebase_tim.c ****   __HAL_TIM_ENABLE_IT(&htim1, TIM_IT_UPDATE);
 228              		.loc 1 126 3 view .LVU57
 229 0000 034B     		ldr	r3, .L13
 230 0002 1A68     		ldr	r2, [r3]
 231 0004 D368     		ldr	r3, [r2, #12]
 232 0006 43F00103 		orr	r3, r3, #1
 233 000a D360     		str	r3, [r2, #12]
 127:Core/Src/stm32f4xx_hal_timebase_tim.c **** }
 234              		.loc 1 127 1 is_stmt 0 view .LVU58
 235 000c 7047     		bx	lr
 236              	.L14:
 237 000e 00BF     		.align	2
 238              	.L13:
 239 0010 00000000 		.word	.LANCHOR0
 240              		.cfi_endproc
 241              	.LFE132:
 243              		.global	htim1
 244              		.section	.bss.htim1,"aw",%nobits
 245              		.align	2
 246              		.set	.LANCHOR0,. + 0
 249              	htim1:
 250 0000 00000000 		.space	72
 250      00000000 
 250      00000000 
 250      00000000 
 250      00000000 
 251              		.text
 252              	.Letext0:
 253              		.file 2 "Drivers/CMSIS/Device/ST/STM32F4xx/Include/stm32f407xx.h"
 254              		.file 3 "/opt/st/stm32cubeide_1.12.1/plugins/com.st.stm32cube.ide.mcu.externaltools.gnu-tools-for-
 255              		.file 4 "/opt/st/stm32cubeide_1.12.1/plugins/com.st.stm32cube.ide.mcu.externaltools.gnu-tools-for-
 256              		.file 5 "Drivers/STM32F4xx_HAL_Driver/Inc/stm32f4xx_hal_def.h"
 257              		.file 6 "Drivers/STM32F4xx_HAL_Driver/Inc/stm32f4xx_hal_rcc.h"
 258              		.file 7 "Drivers/STM32F4xx_HAL_Driver/Inc/stm32f4xx_hal_dma.h"
 259              		.file 8 "Drivers/STM32F4xx_HAL_Driver/Inc/stm32f4xx_hal_tim.h"
 260              		.file 9 "Drivers/STM32F4xx_HAL_Driver/Inc/stm32f4xx_hal.h"
 261              		.file 10 "Drivers/STM32F4xx_HAL_Driver/Inc/stm32f4xx_hal_cortex.h"
ARM GAS  /tmp/ccP8Jjjv.s 			page 8


DEFINED SYMBOLS
                            *ABS*:0000000000000000 stm32f4xx_hal_timebase_tim.c
     /tmp/ccP8Jjjv.s:20     .text.HAL_InitTick:0000000000000000 $t
     /tmp/ccP8Jjjv.s:26     .text.HAL_InitTick:0000000000000000 HAL_InitTick
     /tmp/ccP8Jjjv.s:177    .text.HAL_InitTick:0000000000000084 $d
     /tmp/ccP8Jjjv.s:186    .text.HAL_SuspendTick:0000000000000000 $t
     /tmp/ccP8Jjjv.s:192    .text.HAL_SuspendTick:0000000000000000 HAL_SuspendTick
     /tmp/ccP8Jjjv.s:210    .text.HAL_SuspendTick:0000000000000010 $d
     /tmp/ccP8Jjjv.s:215    .text.HAL_ResumeTick:0000000000000000 $t
     /tmp/ccP8Jjjv.s:221    .text.HAL_ResumeTick:0000000000000000 HAL_ResumeTick
     /tmp/ccP8Jjjv.s:239    .text.HAL_ResumeTick:0000000000000010 $d
     /tmp/ccP8Jjjv.s:249    .bss.htim1:0000000000000000 htim1
     /tmp/ccP8Jjjv.s:245    .bss.htim1:0000000000000000 $d

UNDEFINED SYMBOLS
HAL_RCC_GetClockConfig
HAL_RCC_GetPCLK2Freq
HAL_TIM_Base_Init
HAL_TIM_Base_Start_IT
HAL_NVIC_EnableIRQ
HAL_NVIC_SetPriority
uwTickPrio
